<?xml version="1.0" encoding="UTF-8"?>
<testng-results skipped="0" failed="1" ignored="0" total="4" passed="3">
  <reporter-output>
  </reporter-output>
  <suite name="Suite" duration-ms="58619" started-at="2021-06-07T09:07:23 IST" finished-at="2021-06-07T09:08:21 IST">
    <groups>
    </groups>
    <test name="validating login information" duration-ms="41236" started-at="2021-06-07T09:07:23 IST" finished-at="2021-06-07T09:08:04 IST">
      <class name="Framework.E2Eproject.Login">
        <test-method status="PASS" signature="initializeTest()[pri:0, instance:Framework.E2Eproject.Login@38145825]" name="initializeTest" is-config="true" duration-ms="17209" started-at="2021-06-07T09:07:23 IST" finished-at="2021-06-07T09:07:40 IST">
          <reporter-output>
          </reporter-output>
        </test-method> <!-- initializeTest -->
        <test-method status="PASS" signature="loginTest(java.lang.String,java.lang.String,java.lang.String)[pri:0, instance:Framework.E2Eproject.Login@38145825]" name="loginTest" duration-ms="19882" started-at="2021-06-07T09:07:40 IST" data-provider="getloginData" finished-at="2021-06-07T09:08:00 IST">
          <params>
            <param index="0">
              <value>
                <![CDATA[nonrestricteduser@gmail.com]]>
              </value>
            </param>
            <param index="1">
              <value>
                <![CDATA[nonrestrict123]]>
              </value>
            </param>
            <param index="2">
              <value>
                <![CDATA[Non restricted user]]>
              </value>
            </param>
          </params>
          <reporter-output>
          </reporter-output>
        </test-method> <!-- loginTest -->
        <test-method status="PASS" signature="loginTest(java.lang.String,java.lang.String,java.lang.String)[pri:0, instance:Framework.E2Eproject.Login@38145825]" name="loginTest" duration-ms="3899" started-at="2021-06-07T09:08:00 IST" data-provider="getloginData" finished-at="2021-06-07T09:08:04 IST">
          <params>
            <param index="0">
              <value>
                <![CDATA[restricteduser@gmail.com]]>
              </value>
            </param>
            <param index="1">
              <value>
                <![CDATA[restrict123]]>
              </value>
            </param>
            <param index="2">
              <value>
                <![CDATA[restricted user]]>
              </value>
            </param>
          </params>
          <reporter-output>
          </reporter-output>
        </test-method> <!-- loginTest -->
        <test-method status="PASS" signature="tearDown()[pri:0, instance:Framework.E2Eproject.Login@38145825]" name="tearDown" is-config="true" duration-ms="156" started-at="2021-06-07T09:08:04 IST" finished-at="2021-06-07T09:08:04 IST">
          <reporter-output>
          </reporter-output>
        </test-method> <!-- tearDown -->
      </class> <!-- Framework.E2Eproject.Login -->
    </test> <!-- validating login information -->
    <test name="validating tiltle and nav bar in the page" duration-ms="16929" started-at="2021-06-07T09:08:04 IST" finished-at="2021-06-07T09:08:21 IST">
      <class name="Framework.E2Eproject.ValidateTitle">
        <test-method status="PASS" signature="initializeTest()[pri:0, instance:Framework.E2Eproject.ValidateTitle@7098b907]" name="initializeTest" is-config="true" duration-ms="16045" started-at="2021-06-07T09:08:04 IST" finished-at="2021-06-07T09:08:20 IST">
          <reporter-output>
          </reporter-output>
        </test-method> <!-- initializeTest -->
        <test-method status="PASS" signature="valNavBar()[pri:0, instance:Framework.E2Eproject.ValidateTitle@7098b907]" name="valNavBar" duration-ms="126" started-at="2021-06-07T09:08:20 IST" finished-at="2021-06-07T09:08:20 IST">
          <reporter-output>
          </reporter-output>
        </test-method> <!-- valNavBar -->
        <test-method status="FAIL" signature="valTitle()[pri:0, instance:Framework.E2Eproject.ValidateTitle@7098b907]" name="valTitle" duration-ms="38" started-at="2021-06-07T09:08:20 IST" finished-at="2021-06-07T09:08:20 IST">
          <exception class="java.lang.AssertionError">
            <message>
              <![CDATA[expected [FEATURED COSES] but found [FEATURED COURSES]]]>
            </message>
            <full-stacktrace>
              <![CDATA[java.lang.AssertionError: expected [FEATURED COSES] but found [FEATURED COURSES]
at org.testng.Assert.fail(Assert.java:99)
at org.testng.Assert.failNotEquals(Assert.java:1037)
at org.testng.Assert.assertEqualsImpl(Assert.java:140)
at org.testng.Assert.assertEquals(Assert.java:122)
at org.testng.Assert.assertEquals(Assert.java:629)
at org.testng.Assert.assertEquals(Assert.java:639)
at Framework.E2Eproject.ValidateTitle.valTitle(ValidateTitle.java:36)
at sun.reflect.NativeMethodAccessorImpl.invoke0(Native Method)
at sun.reflect.NativeMethodAccessorImpl.invoke(NativeMethodAccessorImpl.java:62)
at sun.reflect.DelegatingMethodAccessorImpl.invoke(DelegatingMethodAccessorImpl.java:43)
at java.lang.reflect.Method.invoke(Method.java:498)
at org.testng.internal.MethodInvocationHelper.invokeMethod(MethodInvocationHelper.java:133)
at org.testng.internal.TestInvoker.invokeMethod(TestInvoker.java:598)
at org.testng.internal.TestInvoker.invokeTestMethod(TestInvoker.java:173)
at org.testng.internal.MethodRunner.runInSequence(MethodRunner.java:46)
at org.testng.internal.TestInvoker$MethodInvocationAgent.invoke(TestInvoker.java:824)
at org.testng.internal.TestInvoker.invokeTestMethods(TestInvoker.java:146)
at org.testng.internal.TestMethodWorker.invokeTestMethods(TestMethodWorker.java:146)
at org.testng.internal.TestMethodWorker.run(TestMethodWorker.java:128)
at java.util.ArrayList.forEach(ArrayList.java:1259)
at org.testng.TestRunner.privateRun(TestRunner.java:794)
at org.testng.TestRunner.run(TestRunner.java:596)
at org.testng.SuiteRunner.runTest(SuiteRunner.java:377)
at org.testng.SuiteRunner.runSequentially(SuiteRunner.java:371)
at org.testng.SuiteRunner.privateRun(SuiteRunner.java:332)
at org.testng.SuiteRunner.run(SuiteRunner.java:276)
at org.testng.SuiteRunnerWorker.runSuite(SuiteRunnerWorker.java:53)
at org.testng.SuiteRunnerWorker.run(SuiteRunnerWorker.java:96)
at org.testng.TestNG.runSuitesSequentially(TestNG.java:1212)
at org.testng.TestNG.runSuitesLocally(TestNG.java:1134)
at org.testng.TestNG.runSuites(TestNG.java:1063)
at org.testng.TestNG.run(TestNG.java:1031)
at org.apache.maven.surefire.testng.TestNGExecutor.run(TestNGExecutor.java:284)
at org.apache.maven.surefire.testng.TestNGXmlTestSuite.execute(TestNGXmlTestSuite.java:75)
at org.apache.maven.surefire.testng.TestNGProvider.invoke(TestNGProvider.java:119)
at org.apache.maven.surefire.booter.ForkedBooter.runSuitesInProcess(ForkedBooter.java:428)
at org.apache.maven.surefire.booter.ForkedBooter.execute(ForkedBooter.java:162)
at org.apache.maven.surefire.booter.ForkedBooter.run(ForkedBooter.java:562)
at org.apache.maven.surefire.booter.ForkedBooter.main(ForkedBooter.java:548)
]]>
            </full-stacktrace>
          </exception> <!-- java.lang.AssertionError -->
          <reporter-output>
          </reporter-output>
        </test-method> <!-- valTitle -->
        <test-method status="PASS" signature="tearDown()[pri:0, instance:Framework.E2Eproject.ValidateTitle@7098b907]" name="tearDown" is-config="true" duration-ms="173" started-at="2021-06-07T09:08:21 IST" finished-at="2021-06-07T09:08:21 IST">
          <reporter-output>
          </reporter-output>
        </test-method> <!-- tearDown -->
      </class> <!-- Framework.E2Eproject.ValidateTitle -->
    </test> <!-- validating tiltle and nav bar in the page -->
  </suite> <!-- Suite -->
</testng-results>
